Traceback (most recent call last):
  File "/Users/WillDavis/anaconda3/envs/spyder/lib/python3.7/site-packages/spyder/app/mainwindow.py", line 3718, in main
    mainwindow = run_spyder(app, options, args)
  File "/Users/WillDavis/anaconda3/envs/spyder/lib/python3.7/site-packages/spyder/app/mainwindow.py", line 3569, in run_spyder
    main.post_visible_setup()
  File "/Users/WillDavis/anaconda3/envs/spyder/lib/python3.7/site-packages/spyder/app/mainwindow.py", line 1411, in post_visible_setup
    self.projects.reopen_last_project()
  File "/Users/WillDavis/anaconda3/envs/spyder/lib/python3.7/site-packages/spyder/plugins/projects/plugin.py", line 404, in reopen_last_project
    save_previous_files=False)
  File "/Users/WillDavis/anaconda3/envs/spyder/lib/python3.7/site-packages/spyder/plugins/projects/plugin.py", line 322, in open_project
    self.watcher.start(path)
  File "/Users/WillDavis/anaconda3/envs/spyder/lib/python3.7/site-packages/spyder/plugins/projects/utils/watcher.py", line 126, in start
    raise e
  File "/Users/WillDavis/anaconda3/envs/spyder/lib/python3.7/site-packages/spyder/plugins/projects/utils/watcher.py", line 100, in start
    self.event_handler, workspace_folder, recursive=True)
  File "/Users/WillDavis/anaconda3/envs/spyder/lib/python3.7/site-packages/watchdog/observers/fsevents.py", line 172, in schedule
    return BaseObserver.schedule(self, event_handler, path, recursive)
  File "/Users/WillDavis/anaconda3/envs/spyder/lib/python3.7/site-packages/watchdog/observers/api.py", line 290, in schedule
    timeout=self.timeout)
  File "/Users/WillDavis/anaconda3/envs/spyder/lib/python3.7/site-packages/watchdog/observers/fsevents.py", line 73, in __init__
    self.snapshot = DirectorySnapshot(watch.path, watch.is_recursive)
  File "/Users/WillDavis/anaconda3/envs/spyder/lib/python3.7/site-packages/watchdog/utils/dirsnapshot.py", line 235, in __init__
    for p, st in walk(path):
  File "/Users/WillDavis/anaconda3/envs/spyder/lib/python3.7/site-packages/watchdog/utils/dirsnapshot.py", line 212, in walk
    paths = [os.path.join(root, name) for name in listdir(root)]
PermissionError: [Errno 1] Operation not permitted: '/Users/willdavis/Documents/University/4th Year/Helium Turbines/Prediction Code'
